Performing C SOURCE FILE Test CMAKE_HAVE_LIBC_PTHREAD failed with the following output:
Change Dir: /home/adminspin/Music/revolutionary_ideas/cluster_setup_automation/code_trials/dependencies/CMakeFiles/CMakeTmp

Run Build Command(s):/usr/bin/make cmTC_a2f0a/fast && /usr/bin/make -f CMakeFiles/cmTC_a2f0a.dir/build.make CMakeFiles/cmTC_a2f0a.dir/build
make[1]: Entering directory '/home/adminspin/Music/revolutionary_ideas/cluster_setup_automation/code_trials/dependencies/CMakeFiles/CMakeTmp'
Building C object CMakeFiles/cmTC_a2f0a.dir/src.c.o
/usr/bin/cc   -fPIC -DCMAKE_HAVE_LIBC_PTHREAD   -o CMakeFiles/cmTC_a2f0a.dir/src.c.o   -c /home/adminspin/Music/revolutionary_ideas/cluster_setup_automation/code_trials/dependencies/CMakeFiles/CMakeTmp/src.c
Linking C executable cmTC_a2f0a
/usr/local/bin/cmake -E cmake_link_script CMakeFiles/cmTC_a2f0a.dir/link.txt --verbose=1
/usr/bin/cc  -fPIC -DCMAKE_HAVE_LIBC_PTHREAD    CMakeFiles/cmTC_a2f0a.dir/src.c.o  -o cmTC_a2f0a 
CMakeFiles/cmTC_a2f0a.dir/src.c.o: In function `main':
src.c:(.text+0x32): undefined reference to `pthread_create'
src.c:(.text+0x3e): undefined reference to `pthread_detach'
src.c:(.text+0x50): undefined reference to `pthread_join'
src.c:(.text+0x67): undefined reference to `pthread_atfork'
clang: error: linker command failed with exit code 1 (use -v to see invocation)
CMakeFiles/cmTC_a2f0a.dir/build.make:86: recipe for target 'cmTC_a2f0a' failed
make[1]: *** [cmTC_a2f0a] Error 1
make[1]: Leaving directory '/home/adminspin/Music/revolutionary_ideas/cluster_setup_automation/code_trials/dependencies/CMakeFiles/CMakeTmp'
Makefile:121: recipe for target 'cmTC_a2f0a/fast' failed
make: *** [cmTC_a2f0a/fast] Error 2


Source file was:
#include <pthread.h>

void* test_func(void* data)
{
  return data;
}

int main(void)
{
  pthread_t thread;
  pthread_create(&thread, NULL, test_func, NULL);
  pthread_detach(thread);
  pthread_join(thread, NULL);
  pthread_atfork(NULL, NULL, NULL);
  pthread_exit(NULL);

  return 0;
}

Determining if the function pthread_create exists in the pthreads failed with the following output:
Change Dir: /home/adminspin/Music/revolutionary_ideas/cluster_setup_automation/code_trials/dependencies/CMakeFiles/CMakeTmp

Run Build Command(s):/usr/bin/make cmTC_ed784/fast && /usr/bin/make -f CMakeFiles/cmTC_ed784.dir/build.make CMakeFiles/cmTC_ed784.dir/build
make[1]: Entering directory '/home/adminspin/Music/revolutionary_ideas/cluster_setup_automation/code_trials/dependencies/CMakeFiles/CMakeTmp'
Building C object CMakeFiles/cmTC_ed784.dir/CheckFunctionExists.c.o
/usr/bin/cc   -fPIC -DCHECK_FUNCTION_EXISTS=pthread_create   -o CMakeFiles/cmTC_ed784.dir/CheckFunctionExists.c.o   -c /usr/local/share/cmake-3.15/Modules/CheckFunctionExists.c
Linking C executable cmTC_ed784
/usr/local/bin/cmake -E cmake_link_script CMakeFiles/cmTC_ed784.dir/link.txt --verbose=1
/usr/bin/cc  -fPIC -DCHECK_FUNCTION_EXISTS=pthread_create    CMakeFiles/cmTC_ed784.dir/CheckFunctionExists.c.o  -o cmTC_ed784 -lpthreads 
/usr/bin/ld: cannot find -lpthreads
clang: error: linker command failed with exit code 1 (use -v to see invocation)
CMakeFiles/cmTC_ed784.dir/build.make:86: recipe for target 'cmTC_ed784' failed
make[1]: *** [cmTC_ed784] Error 1
make[1]: Leaving directory '/home/adminspin/Music/revolutionary_ideas/cluster_setup_automation/code_trials/dependencies/CMakeFiles/CMakeTmp'
Makefile:121: recipe for target 'cmTC_ed784/fast' failed
make: *** [cmTC_ed784/fast] Error 2



